Using pre-set license
Built from '2020.3/release' branch; Version is '2020.3.2f1 (8fd9074bf66c) revision 9427207'; Using compiler version '192528614'; Build Type 'Release'
OS: 'Windows 10 Home; OS build 19041.928; Version 2004; 64bit' Language: 'en' Physical Memory: 16217 MB
BatchMode: 1, IsHumanControllingUs: 0, StartBugReporterOnCrash: 0, Is64bit: 1, IsPro: 0

 COMMAND LINE ARGUMENTS:
C:\Program Files\Unity\Hub\Editor\2020.3.2f1\Editor\Unity.exe
-adb2
-batchMode
-noUpm
-name
AssetImportWorker0
-projectPath
C:/Users/Aymen/Documents/Final project/Augment tours mobile/AugmentToursUnity
-logFile
Logs/AssetImportWorker0.log
-srvPort
60312
Successfully changed project path to: C:/Users/Aymen/Documents/Final project/Augment tours mobile/AugmentToursUnity
C:/Users/Aymen/Documents/Final project/Augment tours mobile/AugmentToursUnity
Using Asset Import Pipeline V2.
Refreshing native plugins compatible for Editor in 107.32 ms, found 2 plugins.
Preloading 1 native plugins for Editor in 2.72 ms.
Initialize engine version: 2020.3.2f1 (8fd9074bf66c)
[Subsystems] Discovering subsystems at path C:/Program Files/Unity/Hub/Editor/2020.3.2f1/Editor/Data/Resources/UnitySubsystems
[Subsystems] Discovering subsystems at path C:/Users/Aymen/Documents/Final project/Augment tours mobile/AugmentToursUnity/Assets
GfxDevice: creating device client; threaded=0
Direct3D:
    Version:  Direct3D 11.0 [level 11.1]
    Renderer: Intel(R) UHD Graphics 620 (ID=0x5917)
    Vendor:   
    VRAM:     8108 MB
    Driver:   26.20.100.7263
Shader 'PointClouds/PointSplat': fallback shader 'PointClouds/PointSplatLegacy' not found
Initialize mono
Mono path[0] = 'C:/Program Files/Unity/Hub/Editor/2020.3.2f1/Editor/Data/Managed'
Mono path[1] = 'C:/Program Files/Unity/Hub/Editor/2020.3.2f1/Editor/Data/MonoBleedingEdge/lib/mono/unityjit'
Mono config path = 'C:/Program Files/Unity/Hub/Editor/2020.3.2f1/Editor/Data/MonoBleedingEdge/etc'
Using monoOptions --debugger-agent=transport=dt_socket,embedding=1,server=y,suspend=n,address=127.0.0.1:56000
Begin MonoManager ReloadAssembly
Registering precompiled unity dll's ...
Register platform support module: C:/Program Files/Unity/Hub/Editor/2020.3.2f1/Editor/Data/PlaybackEngines/WebGLSupport/UnityEditor.WebGL.Extensions.dll
Register platform support module: C:/Program Files/Unity/Hub/Editor/2020.3.2f1/Editor/Data/PlaybackEngines/WindowsStandaloneSupport/UnityEditor.WindowsStandalone.Extensions.dll
Registered in 0.006045 seconds.
Native extension for WindowsStandalone target not found
Native extension for WebGL target not found
Refreshing native plugins compatible for Editor in 72.23 ms, found 2 plugins.
Preloading 1 native plugins for Editor in 0.22 ms.
Invoked RoslynAnalysisRunner static constructor.
RoslynAnalysisRunner will not be running.
RoslynAnalysisRunner has terminated.
Mono: successfully reloaded assembly
- Completed reload, in  5.797 seconds
Platform modules already initialized, skipping
Registering precompiled user dll's ...
Registered in 0.013398 seconds.
Begin MonoManager ReloadAssembly
Native extension for WindowsStandalone target not found
Native extension for WebGL target not found
Refreshing native plugins compatible for Editor in 0.88 ms, found 2 plugins.
Preloading 1 native plugins for Editor in 0.22 ms.
System.NullReferenceException: Object reference not set to an instance of an object
  at Vuforia.EditorClasses.ExtensionTypeProvider.GetVuforiaPackageAbsPath () [0x0004a] in <d3e3611e09164266b01b2e2ee0bae4b4>:0 
  at Vuforia.EditorClasses.ExtensionTypeProvider.IsPackageManager () [0x00000] in <d3e3611e09164266b01b2e2ee0bae4b4>:0 
  at Vuforia.EditorClasses.ExtensionTypeProvider.ResolvePluginType () [0x00009] in <d3e3611e09164266b01b2e2ee0bae4b4>:0 
  at Vuforia.EditorClasses.ExtensionTypeProvider.GetPluginType () [0x0000c] in <d3e3611e09164266b01b2e2ee0bae4b4>:0 
  at Vuforia.EditorClasses.VuforiaUtilities.IsVuforiaEnabledInPlayerSettings () [0x00000] in <d3e3611e09164266b01b2e2ee0bae4b4>:0 
  at VuforiaEnabledObserver..cctor () [0x00000] in <d3e3611e09164266b01b2e2ee0bae4b4>:0 
UnityEngine.StackTraceUtility:ExtractStackTrace ()
UnityEngine.DebugLogHandler:LogFormat (UnityEngine.LogType,UnityEngine.Object,string,object[])
UnityEngine.Logger:Log (UnityEngine.LogType,object)
UnityEngine.Debug:LogError (object)
UnityEditor.EditorAssemblies:ProcessInitializeOnLoadAttributes (System.Type[])

System.NullReferenceException: Object reference not set to an instance of an object
  at Vuforia.EditorClasses.ExtensionTypeProvider.GetVuforiaPackageAbsPath () [0x0004a] in <d3e3611e09164266b01b2e2ee0bae4b4>:0 
  at Vuforia.EditorClasses.ExtensionTypeProvider.IsPackageManager () [0x00000] in <d3e3611e09164266b01b2e2ee0bae4b4>:0 
  at Vuforia.EditorClasses.ExtensionTypeProvider.ResolvePluginType () [0x00009] in <d3e3611e09164266b01b2e2ee0bae4b4>:0 
  at Vuforia.EditorClasses.ExtensionTypeProvider.GetPluginType () [0x0000c] in <d3e3611e09164266b01b2e2ee0bae4b4>:0 
  at Vuforia.EditorClasses.VuforiaUtilities.IsVuforiaEnabledInPlayerSettings () [0x00000] in <d3e3611e09164266b01b2e2ee0bae4b4>:0 
  at Vuforia.EditorClasses.InitializeOnLoadVuforiaTaskRunner..cctor () [0x00015] in <d3e3611e09164266b01b2e2ee0bae4b4>:0 
UnityEngine.StackTraceUtility:ExtractStackTrace ()
UnityEngine.DebugLogHandler:LogFormat (UnityEngine.LogType,UnityEngine.Object,string,object[])
UnityEngine.Logger:Log (UnityEngine.LogType,object)
UnityEngine.Debug:LogError (object)
UnityEditor.EditorAssemblies:ProcessInitializeOnLoadAttributes (System.Type[])

Invoked RoslynAnalysisRunner static constructor.
RoslynAnalysisRunner will not be running.
RoslynAnalysisRunner has terminated.
Mono: successfully reloaded assembly
- Completed reload, in  2.517 seconds
Platform modules already initialized, skipping
========================================================================
Worker process is ready to serve import requests
Shader 'PointClouds/PointSplat': fallback shader 'PointClouds/PointSplatLegacy' not found
Launched and connected shader compiler UnityShaderCompiler.exe after 0.13 seconds
Refreshing native plugins compatible for Editor in 0.84 ms, found 2 plugins.
Preloading 1 native plugins for Editor in 0.17 ms.
Unloading 1212 Unused Serialized files (Serialized files now loaded: 0)
System memory in use before: 64.9 MB.
System memory in use after: 65.0 MB.

Unloading 37 unused Assets to reduce memory usage. Loaded Objects now: 1912.
Total: 4.102800 ms (FindLiveObjects: 0.425500 ms CreateObjectMapping: 0.109500 ms MarkObjects: 3.392700 ms  DeleteObjects: 0.172300 ms)

========================================================================
Received Import Request.
  path: Assets/Resources/RoundedRectange.png
  artifactKey: Guid(40d821dbddab9f448ba2087c2ed083d5) Importer(815301076,1909f56bfc062723c751e8b465ee728b)
Start importing Assets/Resources/RoundedRectange.png using Guid(40d821dbddab9f448ba2087c2ed083d5) Importer(815301076,1909f56bfc062723c751e8b465ee728b)  -> (artifact id: '602e5af93507e2c38f817acea42592e0') in 0.252972 seconds
  Import took 0.259562 seconds .

========================================================================
Received Import Request.
  Time since last request: 5.741003 seconds.
  path: Assets/Resources/RoundedRectange.png
  artifactKey: Guid(40d821dbddab9f448ba2087c2ed083d5) Importer(815301076,1909f56bfc062723c751e8b465ee728b)
Start importing Assets/Resources/RoundedRectange.png using Guid(40d821dbddab9f448ba2087c2ed083d5) Importer(815301076,1909f56bfc062723c751e8b465ee728b)  -> (artifact id: '602e5af93507e2c38f817acea42592e0') in 0.020192 seconds
  Import took 0.030212 seconds .

========================================================================
Received Import Request.
  Time since last request: 7.743238 seconds.
  path: Assets/Resources/RoundedRectange.png
  artifactKey: Guid(40d821dbddab9f448ba2087c2ed083d5) Importer(815301076,1909f56bfc062723c751e8b465ee728b)
Start importing Assets/Resources/RoundedRectange.png using Guid(40d821dbddab9f448ba2087c2ed083d5) Importer(815301076,1909f56bfc062723c751e8b465ee728b)  -> (artifact id: '67f2ce8a3ab85bd16daf000e49a50ff4') in 0.146998 seconds
  Import took 0.153892 seconds .

========================================================================
Received Import Request.
  Time since last request: 160.949251 seconds.
  path: Assets/Resources/RoundedRectange.png
  artifactKey: Guid(40d821dbddab9f448ba2087c2ed083d5) Importer(815301076,1909f56bfc062723c751e8b465ee728b)
Start importing Assets/Resources/RoundedRectange.png using Guid(40d821dbddab9f448ba2087c2ed083d5) Importer(815301076,1909f56bfc062723c751e8b465ee728b)  -> (artifact id: 'c1e9071468fc28348291fafa41651832') in 0.031870 seconds
  Import took 0.041913 seconds .

========================================================================
Received Import Request.
  Time since last request: 0.025124 seconds.
  path: Assets/Resources/RoundedRectange.png
  artifactKey: Guid(40d821dbddab9f448ba2087c2ed083d5) Importer(815301076,1909f56bfc062723c751e8b465ee728b)
Start importing Assets/Resources/RoundedRectange.png using Guid(40d821dbddab9f448ba2087c2ed083d5) Importer(815301076,1909f56bfc062723c751e8b465ee728b)  -> (artifact id: 'c1e9071468fc28348291fafa41651832') in 0.034663 seconds
  Import took 0.043633 seconds .

========================================================================
Received Import Request.
  Time since last request: 38.186231 seconds.
  path: Assets/Scenes/AR Demo.unity
  artifactKey: Guid(a05de9a682182a89f99232bc85c2bdaa) Importer(815301076,1909f56bfc062723c751e8b465ee728b)
Start importing Assets/Scenes/AR Demo.unity using Guid(a05de9a682182a89f99232bc85c2bdaa) Importer(815301076,1909f56bfc062723c751e8b465ee728b)  -> (artifact id: '43a902689e9c65020eb40d4324d8376d') in 0.010597 seconds
  Import took 0.018521 seconds .

========================================================================
Received Import Request.
  Time since last request: 2.774263 seconds.
  path: Assets/Scenes/Check Scene.unity
  artifactKey: Guid(a30d5761da682b1478d2a49a879a0d95) Importer(815301076,1909f56bfc062723c751e8b465ee728b)
Start importing Assets/Scenes/Check Scene.unity using Guid(a30d5761da682b1478d2a49a879a0d95) Importer(815301076,1909f56bfc062723c751e8b465ee728b)  -> (artifact id: '139326481d31ad4eec59920a35973d9e') in 0.009065 seconds
  Import took 0.023429 seconds .

========================================================================
Received Prepare
Registering precompiled user dll's ...
Registered in 0.013231 seconds.
Begin MonoManager ReloadAssembly
Native extension for WindowsStandalone target not found
Native extension for WebGL target not found
Refreshing native plugins compatible for Editor in 0.90 ms, found 2 plugins.
Preloading 1 native plugins for Editor in 0.23 ms.
System.NullReferenceException: Object reference not set to an instance of an object
  at Vuforia.EditorClasses.ExtensionTypeProvider.GetVuforiaPackageAbsPath () [0x0004a] in <d3e3611e09164266b01b2e2ee0bae4b4>:0 
  at Vuforia.EditorClasses.ExtensionTypeProvider.IsPackageManager () [0x00000] in <d3e3611e09164266b01b2e2ee0bae4b4>:0 
  at Vuforia.EditorClasses.ExtensionTypeProvider.ResolvePluginType () [0x00009] in <d3e3611e09164266b01b2e2ee0bae4b4>:0 
  at Vuforia.EditorClasses.ExtensionTypeProvider.GetPluginType () [0x0000c] in <d3e3611e09164266b01b2e2ee0bae4b4>:0 
  at Vuforia.EditorClasses.VuforiaUtilities.IsVuforiaEnabledInPlayerSettings () [0x00000] in <d3e3611e09164266b01b2e2ee0bae4b4>:0 
  at VuforiaEnabledObserver..cctor () [0x00000] in <d3e3611e09164266b01b2e2ee0bae4b4>:0 
UnityEngine.StackTraceUtility:ExtractStackTrace ()
UnityEngine.DebugLogHandler:LogFormat (UnityEngine.LogType,UnityEngine.Object,string,object[])
UnityEngine.Logger:Log (UnityEngine.LogType,object)
UnityEngine.Debug:LogError (object)
UnityEditor.EditorAssemblies:ProcessInitializeOnLoadAttributes (System.Type[])

System.NullReferenceException: Object reference not set to an instance of an object
  at Vuforia.EditorClasses.ExtensionTypeProvider.GetVuforiaPackageAbsPath () [0x0004a] in <d3e3611e09164266b01b2e2ee0bae4b4>:0 
  at Vuforia.EditorClasses.ExtensionTypeProvider.IsPackageManager () [0x00000] in <d3e3611e09164266b01b2e2ee0bae4b4>:0 
  at Vuforia.EditorClasses.ExtensionTypeProvider.ResolvePluginType () [0x00009] in <d3e3611e09164266b01b2e2ee0bae4b4>:0 
  at Vuforia.EditorClasses.ExtensionTypeProvider.GetPluginType () [0x0000c] in <d3e3611e09164266b01b2e2ee0bae4b4>:0 
  at Vuforia.EditorClasses.VuforiaUtilities.IsVuforiaEnabledInPlayerSettings () [0x00000] in <d3e3611e09164266b01b2e2ee0bae4b4>:0 
  at Vuforia.EditorClasses.InitializeOnLoadVuforiaTaskRunner..cctor () [0x00015] in <d3e3611e09164266b01b2e2ee0bae4b4>:0 
UnityEngine.StackTraceUtility:ExtractStackTrace ()
UnityEngine.DebugLogHandler:LogFormat (UnityEngine.LogType,UnityEngine.Object,string,object[])
UnityEngine.Logger:Log (UnityEngine.LogType,object)
UnityEngine.Debug:LogError (object)
UnityEditor.EditorAssemblies:ProcessInitializeOnLoadAttributes (System.Type[])

Invoked RoslynAnalysisRunner static constructor.
RoslynAnalysisRunner will not be running.
RoslynAnalysisRunner has terminated.
Mono: successfully reloaded assembly
- Completed reload, in  3.072 seconds
Platform modules already initialized, skipping
Switching build target platform(5) subTarget(0) extendedPlatform(0) -> platform(13) subTarget(537395200) extendedPlatform(0)
Shader 'PointClouds/PointSplat': fallback shader 'PointClouds/PointSplatLegacy' not found
Refreshing native plugins compatible for Editor in 1.09 ms, found 2 plugins.
Preloading 1 native plugins for Editor in 0.25 ms.
Unloading 1185 Unused Serialized files (Serialized files now loaded: 0)
System memory in use before: 65.2 MB.
System memory in use after: 65.3 MB.

Unloading 32 unused Assets to reduce memory usage. Loaded Objects now: 1922.
Total: 6.867400 ms (FindLiveObjects: 0.336600 ms CreateObjectMapping: 0.116600 ms MarkObjects: 6.336100 ms  DeleteObjects: 0.075400 ms)

AssetImportParameters requested are different than current active one (requested -> active):
  custom:graphics/normal-map-encoding: 01000000000000000000000000000000 -> 02000000000000000000000000000000
========================================================================
Received Import Request.
  Time since last request: 361.123668 seconds.
  path: Assets/Resources/ButtonElipse (3).png
  artifactKey: Guid(d49a4f4c4419d1e43815986d32b814e4) Importer(815301076,1909f56bfc062723c751e8b465ee728b)
Start importing Assets/Resources/ButtonElipse (3).png using Guid(d49a4f4c4419d1e43815986d32b814e4) Importer(815301076,1909f56bfc062723c751e8b465ee728b)  -> (artifact id: '641ad7f2ae8a90f4b5d6485acd7aa3ce') in 0.216053 seconds
  Import took 0.232036 seconds .

========================================================================
Received Import Request.
  Time since last request: 249.668980 seconds.
  path: Assets/Resources/ButtonElipse (3).png
  artifactKey: Guid(d49a4f4c4419d1e43815986d32b814e4) Importer(815301076,1909f56bfc062723c751e8b465ee728b)
Start importing Assets/Resources/ButtonElipse (3).png using Guid(d49a4f4c4419d1e43815986d32b814e4) Importer(815301076,1909f56bfc062723c751e8b465ee728b)  -> (artifact id: 'f3c1c776b958541f688a0b7acb412267') in 0.074304 seconds
  Import took 0.085261 seconds .

========================================================================
Received Import Request.
  Time since last request: 0.079470 seconds.
  path: Assets/Resources/ButtonElipse (3).png
  artifactKey: Guid(d49a4f4c4419d1e43815986d32b814e4) Importer(815301076,1909f56bfc062723c751e8b465ee728b)
Start importing Assets/Resources/ButtonElipse (3).png using Guid(d49a4f4c4419d1e43815986d32b814e4) Importer(815301076,1909f56bfc062723c751e8b465ee728b)  -> (artifact id: 'f3c1c776b958541f688a0b7acb412267') in 0.060502 seconds
  Import took 0.067927 seconds .

========================================================================
Received Import Request.
  Time since last request: 54.512879 seconds.
  path: Assets/Resources/ButtonElipse (3).png
  artifactKey: Guid(d49a4f4c4419d1e43815986d32b814e4) Importer(815301076,1909f56bfc062723c751e8b465ee728b)
Start importing Assets/Resources/ButtonElipse (3).png using Guid(d49a4f4c4419d1e43815986d32b814e4) Importer(815301076,1909f56bfc062723c751e8b465ee728b)  -> (artifact id: 'ca2bffe53b7288901c18b8bbcb7d6aa8') in 0.037752 seconds
  Import took 0.045491 seconds .

========================================================================
Received Import Request.
  Time since last request: 0.051140 seconds.
  path: Assets/Resources/ButtonElipse (3).png
  artifactKey: Guid(d49a4f4c4419d1e43815986d32b814e4) Importer(815301076,1909f56bfc062723c751e8b465ee728b)
Start importing Assets/Resources/ButtonElipse (3).png using Guid(d49a4f4c4419d1e43815986d32b814e4) Importer(815301076,1909f56bfc062723c751e8b465ee728b)  -> (artifact id: 'ca2bffe53b7288901c18b8bbcb7d6aa8') in 0.026108 seconds
  Import took 0.031677 seconds .

========================================================================
Received Import Request.
  Time since last request: 52392.019405 seconds.
  path: Assets/Resources/Snapchat-109792714.mp4
  artifactKey: Guid(c145b6f7591f420e0aa7dbe8d92b1b0d) Importer(815301076,1909f56bfc062723c751e8b465ee728b)
Start importing Assets/Resources/Snapchat-109792714.mp4 using Guid(c145b6f7591f420e0aa7dbe8d92b1b0d) Importer(815301076,1909f56bfc062723c751e8b465ee728b)  -> (artifact id: '6a65e15710fdb9e9abfe620714f3bdcc') in 0.043221 seconds
  Import took 0.059693 seconds .

